<?xml version="1.0" encoding="UTF-8" ?>
<testsuite errors="0" failures="1" hostname="Bobby-Falcks-MacBook-Pro.local" name="helloworld.HelloControllerTests" tests="1" time="2.257" timestamp="2013-04-12T10:12:04">
  <properties />
  <testcase classname="helloworld.HelloControllerTests" name="testSomething" time="2.182">
    <failure message="junit.framework.AssertionFailedError: Implement me" type="junit.framework.AssertionFailedError">junit.framework.AssertionFailedError: junit.framework.AssertionFailedError: Implement me
	at helloworld.HelloControllerTests.testSomething(HelloControllerTests.groovy:15)
</failure>
  </testcase>
  <system-out><![CDATA[--Output from testSomething--
]]></system-out>
  <system-err><![CDATA[--Output from testSomething--
]]></system-err>
</testsuite>
