<?xml version="1.0" encoding="UTF-8" ?>
<testsuite errors="0" failures="1" hostname="Bobby-Falcks-MacBook-Pro.local" name="helloworld.TestTests" tests="1" time="0.05" timestamp="2013-04-12T10:12:08">
  <properties />
  <testcase classname="helloworld.TestTests" name="testSomething" time="0.048">
    <failure message="junit.framework.AssertionFailedError: Implement me" type="junit.framework.AssertionFailedError">junit.framework.AssertionFailedError: junit.framework.AssertionFailedError: Implement me
	at helloworld.TestTests.testSomething(TestTests.groovy:15)
</failure>
  </testcase>
  <system-out><![CDATA[--Output from testSomething--
]]></system-out>
  <system-err><![CDATA[--Output from testSomething--
]]></system-err>
</testsuite>
