<?xml version="1.0" encoding="UTF-8" ?>
<testsuite errors="0" failures="1" hostname="Bobby-Falcks-MacBook-Pro.local" name="helloworld.PostTests" tests="1" time="0.17" timestamp="2013-04-12T10:12:06">
  <properties />
  <testcase classname="helloworld.PostTests" name="testSomething" time="0.068">
    <failure message="junit.framework.AssertionFailedError: Implement me" type="junit.framework.AssertionFailedError">junit.framework.AssertionFailedError: junit.framework.AssertionFailedError: Implement me
	at helloworld.PostTests.testSomething(PostTests.groovy:15)
</failure>
  </testcase>
  <system-out><![CDATA[--Output from testSomething--
]]></system-out>
  <system-err><![CDATA[--Output from testSomething--
]]></system-err>
</testsuite>
